<?xml version="1.0" encoding="UTF-8"?>
<!-- Generated by org.testng.reporters.JUnitReportReporter -->
<testsuite hostname="Aneel" failures="0" tests="1" name="com.maven.project.Test1$FirstTest" time="22.784" errors="0" timestamp="11 Dec 2018 02:40:44 GMT">
  <testcase classname="com.maven.project.Test1$FirstTest" name="home" time="22.784"/>
</testsuite> <!-- com.maven.project.Test1$FirstTest -->
