<?xml version="1.0" encoding="UTF-8"?>
<!-- Generated by org.testng.reporters.JUnitReportReporter -->
<testsuite hostname="Aneel" failures="0" tests="3" name="com.maven.project.SumTest" time="0.044" errors="0" timestamp="9 Dec 2018 15:07:37 GMT">
  <testcase classname="com.maven.project.SumTest" name="diff" time="0.032"/>
  <testcase classname="com.maven.project.SumTest" name="sum" time="0.008"/>
  <testcase classname="com.maven.project.SumTest" name="mul" time="0.004"/>
</testsuite> <!-- com.maven.project.SumTest -->
