<?xml version="1.0" encoding="UTF-8"?>
<!-- Generated by org.testng.reporters.JUnitReportReporter -->
<testsuite hostname="Aneel" failures="0" tests="1" name="com.datadriven.test.DataDrivenTest" time="13.105" errors="0" timestamp="15 Dec 2018 13:38:06 GMT">
  <testcase classname="com.datadriven.test.DataDrivenTest" name="register" time="13.105"/>
</testsuite> <!-- com.datadriven.test.DataDrivenTest -->
