<?xml version="1.0" encoding="UTF-8"?>
<!-- Generated by org.testng.reporters.JUnitReportReporter -->
<testsuite hostname="Aneel" failures="0" tests="3" name="com.maven.project.SumTest" time="0.021" errors="0" timestamp="11 Dec 2018 04:13:08 GMT">
  <testcase classname="com.maven.project.SumTest" name="diff" time="0.020"/>
  <testcase classname="com.maven.project.SumTest" name="mul" time="0.000"/>
  <testcase classname="com.maven.project.SumTest" name="sum" time="0.001"/>
</testsuite> <!-- com.maven.project.SumTest -->
