<?xml version="1.0" encoding="UTF-8"?>
<!-- Generated by org.testng.reporters.JUnitReportReporter -->
<testsuite hostname="Aneel" failures="0" tests="1" name="com.maven.project.Test1$FirstTest" time="76.641" errors="0" timestamp="11 Dec 2018 04:13:08 GMT">
  <testcase classname="com.maven.project.Test1$FirstTest" name="home" time="76.641"/>
</testsuite> <!-- com.maven.project.Test1$FirstTest -->
